<?xml version="1.0" encoding="UTF-8"?>
<testsuite xmlns:xsi="http://www.w3.org/2001/XMLSchema-instance" xsi:noNamespaceSchemaLocation="https://maven.apache.org/surefire/maven-surefire-plugin/xsd/surefire-test-report-3.0.xsd" version="3.0" name="MovieTest" time="0.065" tests="23" errors="0" skipped="0" failures="0">
  <properties>
[...]
</properties>
  <testcase name="setComposerTest" classname="MovieTest" time="0.016">
    <system-out><![CDATA[Please Enter the Composer for the Movie
]]></system-out>
  </testcase>
  <testcase name="setMovieNameTestBool" classname="MovieTest" time="0.003">
    <system-out><![CDATA[Please Enter the Movie Name:
]]></system-out>
  </testcase>
  <testcase name="setReviewScoreTest" classname="MovieTest" time="0.001">
    <system-out><![CDATA[Please Enter the Movies Review Score:
]]></system-out>
  </testcase>
  <testcase name="setReleaseYearTestLowYear" classname="MovieTest" time="0.002">
    <system-out><![CDATA[Please Enter the Movie Release Year:
Movie must be released as of or later than 1888
]]></system-out>
  </testcase>
  <testcase name="getDirectorTest" classname="MovieTest" time="0.001"/>
  <testcase name="setReviewScoreTestHigh" classname="MovieTest" time="0.001">
    <system-out><![CDATA[Please Enter the Movies Review Score:
The Score Must Be less than or equal to 10.00
]]></system-out>
  </testcase>
  <testcase name="setDirectorTest" classname="MovieTest" time="0.002">
    <system-out><![CDATA[Please Enter Director name
]]></system-out>
  </testcase>
  <testcase name="setReviewScoreTestLow" classname="MovieTest" time="0.007">
    <system-out><![CDATA[Please Enter the Movies Review Score:
The Score Must Be at least 0.1
]]></system-out>
  </testcase>
  <testcase name="setReviewScoreTestNaN" classname="MovieTest" time="0.001">
    <system-out><![CDATA[Please Enter the Movies Review Score:
Invalid, Must Be a number greater than or equal to 0 and also less than or equal to 10
]]></system-out>
  </testcase>
  <testcase name="setMovieNameTest" classname="MovieTest" time="0.001">
    <system-out><![CDATA[Please Enter the Movie Name:
]]></system-out>
  </testcase>
  <testcase name="getReleaseYearTest" classname="MovieTest" time="0.001"/>
  <testcase name="setReleaseYearTestNaN" classname="MovieTest" time="0.002">
    <system-out><![CDATA[Please Enter the Movie Release Year:
Invalid, Must Be a Whole Number Greater Than or Equal to 1888
]]></system-out>
  </testcase>
  <testcase name="setMovieIDTestNegNum" classname="MovieTest" time="0.001">
    <system-out><![CDATA[Please Enter Movie ID:
Invalid, ID must be greater than 0
]]></system-out>
  </testcase>
  <testcase name="setMovieIDTest" classname="MovieTest" time="0.001">
    <system-out><![CDATA[Please Enter Movie ID:
]]></system-out>
  </testcase>
  <testcase name="setDirectorTestBool" classname="MovieTest" time="0.001">
    <system-out><![CDATA[Please Enter Director name
]]></system-out>
  </testcase>
  <testcase name="toStringTest" classname="MovieTest" time="0.002"/>
  <testcase name="setReleaseYearTest" classname="MovieTest" time="0.001">
    <system-out><![CDATA[Please Enter the Movie Release Year:
]]></system-out>
  </testcase>
  <testcase name="setMovieIDTestNaN" classname="MovieTest" time="0.001">
    <system-out><![CDATA[Please Enter Movie ID:
Please Enter a Whole Number Greater Than 0
]]></system-out>
  </testcase>
  <testcase name="getComposerTest" classname="MovieTest" time="0.0"/>
  <testcase name="getReviewScoreTest" classname="MovieTest" time="0.002"/>
  <testcase name="setComposerTestBool" classname="MovieTest" time="0.001">
    <system-out><![CDATA[Please Enter the Composer for the Movie
]]></system-out>
  </testcase>
  <testcase name="getMovieNameTest" classname="MovieTest" time="0.0"/>
  <testcase name="getMovieIDTest" classname="MovieTest" time="0.0"/>
</testsuite>